<?xml version="1.0" encoding="UTF-8"?>
<!-- Generated by org.testng.reporters.JUnitReportReporter -->
<testsuite skipped="14" hostname="impc1926" name="com.wordpress.Testcases.WordpressLogin" tests="15" failures="0" timestamp="25 Nov 2016 12:34:49 GMT" time="0.014" errors="1">
  <testcase name="loginToWodpress" time="0.001" classname="com.wordpress.Testcases.WordpressLogin">
    <skipped/>
  </testcase> <!-- loginToWodpress -->
  <testcase name="loginToWodpress" time="0.001" classname="com.wordpress.Testcases.WordpressLogin">
    <skipped/>
  </testcase> <!-- loginToWodpress -->
  <testcase name="setupApplication" time="0.000" classname="com.wordpress.Testcases.WordpressLogin">
    <error type="java.lang.IllegalStateException" message="The driver is not executable: /home/likewise-open/HTCINDIA/mkarthik/workspace/testproject/drivers/chromedriver">
      <![CDATA[java.lang.IllegalStateException: The driver is not executable: /home/likewise-open/HTCINDIA/mkarthik/workspace/testproject/drivers/chromedriver
	at com.google.common.base.Preconditions.checkState(Preconditions.java:199)
	at org.openqa.selenium.remote.service.DriverService.checkExecutable(DriverService.java:125)
	at org.openqa.selenium.remote.service.DriverService.findExecutable(DriverService.java:116)
	at org.openqa.selenium.chrome.ChromeDriverService.access$000(ChromeDriverService.java:32)
	at org.openqa.selenium.chrome.ChromeDriverService$Builder.findDefaultExecutable(ChromeDriverService.java:137)
	at org.openqa.selenium.remote.service.DriverService$Builder.build(DriverService.java:296)
	at org.openqa.selenium.chrome.ChromeDriverService.createDefaultService(ChromeDriverService.java:88)
	at org.openqa.selenium.chrome.ChromeDriver.<init>(ChromeDriver.java:116)
	at lip.BaseClass.driverInitiation(BaseClass.java:47)
	at lip.BaseClass.setupApplication(BaseClass.java:25)
	at sun.reflect.NativeMethodAccessorImpl.invoke0(Native Method)
	at sun.reflect.NativeMethodAccessorImpl.invoke(NativeMethodAccessorImpl.java:62)
	at sun.reflect.DelegatingMethodAccessorImpl.invoke(DelegatingMethodAccessorImpl.java:43)
	at java.lang.reflect.Method.invoke(Method.java:497)
	at org.testng.internal.MethodInvocationHelper.invokeMethod(MethodInvocationHelper.java:100)
	at org.testng.internal.Invoker.invokeConfigurationMethod(Invoker.java:515)
	at org.testng.internal.Invoker.invokeConfigurations(Invoker.java:216)
	at org.testng.internal.Invoker.invokeMethod(Invoker.java:590)
	at org.testng.internal.Invoker.invokeTestMethod(Invoker.java:811)
	at org.testng.internal.Invoker.invokeTestMethods(Invoker.java:1137)
	at org.testng.internal.TestMethodWorker.invokeTestMethods(TestMethodWorker.java:129)
	at org.testng.internal.TestMethodWorker.run(TestMethodWorker.java:112)
	at org.testng.TestRunner.privateRun(TestRunner.java:753)
	at org.testng.TestRunner.run(TestRunner.java:607)
	at org.testng.SuiteRunner.runTest(SuiteRunner.java:368)
	at org.testng.SuiteRunner.runSequentially(SuiteRunner.java:363)
	at org.testng.SuiteRunner.privateRun(SuiteRunner.java:321)
	at org.testng.SuiteRunner.run(SuiteRunner.java:270)
	at org.testng.SuiteRunnerWorker.runSuite(SuiteRunnerWorker.java:52)
	at org.testng.SuiteRunnerWorker.run(SuiteRunnerWorker.java:86)
	at org.testng.TestNG.runSuitesSequentially(TestNG.java:1284)
	at org.testng.TestNG.runSuitesLocally(TestNG.java:1209)
	at org.testng.TestNG.runSuites(TestNG.java:1124)
	at org.testng.TestNG.run(TestNG.java:1096)
	at org.testng.remote.AbstractRemoteTestNG.run(AbstractRemoteTestNG.java:132)
	at org.testng.remote.RemoteTestNG.initAndRun(RemoteTestNG.java:236)
	at org.testng.remote.RemoteTestNG.main(RemoteTestNG.java:81)
]]>
    </error>
  </testcase> <!-- setupApplication -->
  <testcase name="loginToWodpress" time="0.001" classname="com.wordpress.Testcases.WordpressLogin">
    <skipped/>
  </testcase> <!-- loginToWodpress -->
  <testcase name="loginToWodpress" time="0.001" classname="com.wordpress.Testcases.WordpressLogin">
    <skipped/>
  </testcase> <!-- loginToWodpress -->
  <testcase name="loginToWodpress" time="0.002" classname="com.wordpress.Testcases.WordpressLogin">
    <skipped/>
  </testcase> <!-- loginToWodpress -->
  <testcase name="loginToWodpress" time="0.000" classname="com.wordpress.Testcases.WordpressLogin">
    <skipped/>
  </testcase> <!-- loginToWodpress -->
  <testcase name="loginToWodpress" time="0.001" classname="com.wordpress.Testcases.WordpressLogin">
    <skipped/>
  </testcase> <!-- loginToWodpress -->
  <testcase name="loginToWodpress" time="0.001" classname="com.wordpress.Testcases.WordpressLogin">
    <skipped/>
  </testcase> <!-- loginToWodpress -->
  <testcase name="loginToWodpress" time="0.001" classname="com.wordpress.Testcases.WordpressLogin">
    <skipped/>
  </testcase> <!-- loginToWodpress -->
  <testcase name="loginToWodpress" time="0.001" classname="com.wordpress.Testcases.WordpressLogin">
    <skipped/>
  </testcase> <!-- loginToWodpress -->
  <testcase name="loginToWodpress" time="0.001" classname="com.wordpress.Testcases.WordpressLogin">
    <skipped/>
  </testcase> <!-- loginToWodpress -->
  <testcase name="loginToWodpress" time="0.001" classname="com.wordpress.Testcases.WordpressLogin">
    <skipped/>
  </testcase> <!-- loginToWodpress -->
  <testcase name="loginToWodpress" time="0.001" classname="com.wordpress.Testcases.WordpressLogin">
    <skipped/>
  </testcase> <!-- loginToWodpress -->
  <testcase name="loginToWodpress" time="0.001" classname="com.wordpress.Testcases.WordpressLogin">
    <skipped/>
  </testcase> <!-- loginToWodpress -->
</testsuite> <!-- com.wordpress.Testcases.WordpressLogin -->
